build/app/outputs/mapping/release/seeds.txt
io.flutter.embedding.engine.FlutterOverlaySurface: android.view.Surface getSurface()
androidx.core.graphics.drawable.IconCompatParcelizer: void write(androidx.core.graphics.drawable.IconCompat,androidx.versionedparcelable.VersionedParcel)
io.flutter.plugin.editing.ImeSyncDeferringInsetsCallback$AnimationCallback: void onEnd(android.view.WindowInsetsAnimation)
io.flutter.plugin.editing.ImeSyncDeferringInsetsCallback$AnimationCallback: io.flutter.plugin.editing.ImeSyncDeferringInsetsCallback this$0
io.flutter.embedding.engine.FlutterJNI: void attachToNative(boolean)
android.support.v4.graphics.drawable.IconCompatParcelizer: IconCompatParcelizer()
io.flutter.embedding.android.FlutterSurfaceView
io.flutter.embedding.engine.plugins.lifecycle.HiddenLifecycleReference: HiddenLifecycleReference(androidx.lifecycle.Lifecycle)
androidx.lifecycle.Lifecycling$1
io.flutter.plugin.platform.SingleViewPresentation
io.flutter.embedding.engine.FlutterJNI: void nativeSurfaceWindowChanged(long,android.view.Surface)
io.flutter.embedding.android.FlutterSplashView$SavedState: android.os.Bundle splashScreenState
io.flutter.view.AccessibilityViewEmbedder: java.util.Map originToFlutterId
io.flutter.plugin.editing.ImeSyncDeferringInsetsCallback: android.view.View access$600(io.flutter.plugin.editing.ImeSyncDeferringInsetsCallback)
io.flutter.plugins.GeneratedPluginRegistrant
io.flutter.plugin.platform.SingleViewPresentation: io.flutter.plugin.platform.SingleViewPresentation$PresentationState detachState()
io.flutter.embedding.engine.mutatorsstack.FlutterMutatorsStack: FlutterMutatorsStack()
io.flutter.embedding.android.FlutterSplashView$SavedState: android.os.Bundle access$702(io.flutter.embedding.android.FlutterSplashView$SavedState,android.os.Bundle)
io.flutter.plugin.editing.ImeSyncDeferringInsetsCallback: boolean access$302(io.flutter.plugin.editing.ImeSyncDeferringInsetsCallback,boolean)
io.flutter.embedding.engine.systemchannels.PlatformChannel$SoundType: io.flutter.embedding.engine.systemchannels.PlatformChannel$SoundType valueOf(java.lang.String)
io.flutter.view.AccessibilityViewEmbedder: android.view.View platformViewOfNode(int)
io.flutter.view.AccessibilityViewEmbedder: android.view.accessibility.AccessibilityNodeInfo getRootNode(android.view.View,int,android.graphics.Rect)
io.flutter.embedding.engine.FlutterJNI: void nativeInit(android.content.Context,java.lang.String[],java.lang.String,java.lang.String,java.lang.String,long)
io.flutter.embedding.engine.FlutterJNI: void invokePlatformMessageResponseCallback(int,java.nio.ByteBuffer,int)
io.flutter.embedding.engine.FlutterJNI: io.flutter.embedding.engine.FlutterJNI$AsyncWaitForVsyncDelegate asyncWaitForVsyncDelegate
androidx.lifecycle.Lifecycle$Event: androidx.lifecycle.Lifecycle$Event ON_ANY
io.flutter.embedding.engine.FlutterOverlaySurface: int getId()
io.flutter.embedding.engine.FlutterJNI: void registerTexture(long,io.flutter.embedding.engine.renderer.SurfaceTextureWrapper)
io.flutter.embedding.engine.FlutterJNI: void onSurfaceChanged(int,int)
io.flutter.embedding.android.FlutterImageView: io.flutter.embedding.engine.renderer.FlutterRenderer getAttachedRenderer()
io.flutter.view.FlutterCallbackInformation: java.lang.String callbackLibraryPath
io.flutter.embedding.engine.FlutterJNI: void setPlatformMessageHandler(io.flutter.embedding.engine.dart.PlatformMessageHandler)
io.flutter.embedding.android.FlutterView$ZeroSides: io.flutter.embedding.android.FlutterView$ZeroSides[] values()
androidx.lifecycle.Lifecycle$Event: androidx.lifecycle.Lifecycle$Event ON_RESUME
com.example.app.MainActivity
io.flutter.embedding.engine.FlutterJNI: void onSurfaceWindowChanged(android.view.Surface)
io.flutter.embedding.engine.FlutterJNI: void nativeSurfaceDestroyed(long)
io.flutter.plugin.editing.ImeSyncDeferringInsetsCallback: void install()
io.flutter.plugin.editing.ImeSyncDeferringInsetsCallback: int deferredInsetTypes