build/app/outputs/mapping/release/usage.txt
kotlin.sequences.SequenceScope
androidx.fragment.app.FragmentTransition$1
com.google.common.math.LinearTransformation$NaNLinearTransformation
com.google.common.reflect.TypeToken$Bounds
androidx.lifecycle.ReportFragment$ActivityInitializationListener
androidx.core.app.NotificationCompat$Action$Builder
com.google.common.graph.DirectedGraphConnections$1$1
io.flutter.view.FlutterMain$Settings
com.google.common.util.concurrent.ForwardingCondition
com.google.common.primitives.Shorts$ShortConverter
com.google.common.collect.Table
com.google.common.collect.Sets$2
com.google.common.util.concurrent.Striped$2
androidx.core.os.UserManagerCompat
org.intellij.lang.annotations.PrintFormat
androidx.core.util.AtomicFile
androidx.lifecycle.LiveData:
    public void <init>()
    private void considerNotify(androidx.lifecycle.LiveData$ObserverWrapper)
    private static void assertMainThread(java.lang.String)
    static void <clinit>()
    public void observe(androidx.lifecycle.LifecycleOwner,androidx.lifecycle.Observer)
    public void observeForever(androidx.lifecycle.Observer)
    public void removeObservers(androidx.lifecycle.LifecycleOwner)
    protected void postValue(java.lang.Object)
    protected void setValue(java.lang.Object)
    public java.lang.Object getValue()
    int getVersion()
    public boolean hasObservers()
    public boolean hasActiveObservers()
    final java.lang.Object mDataLock
    private androidx.arch.core.internal.SafeIterableMap mObservers
    private volatile java.lang.Object mData
    volatile java.lang.Object mPendingData
    private int mVersion
    private boolean mDispatchingValue
    private boolean mDispatchInvalidated
    private final java.lang.Runnable mPostValueRunnable
    static final int START_VERSION
    static final java.lang.Object NOT_SET
androidx.annotation.CallSuper
com.google.common.util.concurrent.AggregateFuture$RunningState$1
com.google.common.collect.ObjectCountHashMap$MapEntry
androidx.loader.R$layout
io.flutter.embedding.engine.loader.ResourceExtractor$1
com.google.common.util.concurrent.AbstractTransformFuture
com.google.common.collect.FilteredKeyMultimap$AddRejectingList
kotlin.jvm.internal.PropertyReference2Impl
androidx.customview.widget.ExploreByTouchHelper$MyNodeProvider
kotlin.text.CharsetsKt
androidx.core.app.ShareCompat$IntentBuilder
com.google.common.collect.MultimapBuilder$2
androidx.fragment.app.FragmentManagerNonConfig
com.google.common.graph.AbstractNetwork$3
javax.annotation.meta.When
com.google.common.base.Stopwatch$1
com.google.common.graph.Traverser$GraphTraverser$3
com.google.common.util.concurrent.ServiceManager$ServiceManagerState$2
io.flutter.embedding.engine.plugins.broadcastreceiver.BroadcastReceiverPluginBinding:
    public abstract android.content.BroadcastReceiver getBroadcastReceiver()
androidx.core.view.MenuItemCompat
kotlin.ULong$Companion
com.google.common.util.concurrent.AggregateFutureState
kotlin.ranges.IntRange
com.google.common.collect.EnumMultiset$2$1
kotlin.collections.IndexingIterator
com.google.errorprone.annotations.MustBeClosed
com.google.common.collect.ImmutableSortedMultiset$Builder
androidx.loader.content.Loader$OnLoadCompleteListener
com.google.common.util.concurrent.Striped$PowerOfTwoStriped
com.google.common.base.Predicates$NotPredicate
androidx.core.view.GestureDetectorCompat$GestureDetectorCompatImplBase
com.google.common.collect.ImmutableSortedMultiset
kotlin.coroutines.experimental.RestrictsSuspension
com.google.j2objc.annotations.J2ObjCIncompatible
org.intellij.lang.annotations.JdkConstants$BoxLayoutAxis
androidx.core.widget.AutoSizeableTextView
com.google.common.collect.ImmutableRangeMap
androidx.versionedparcelable.VersionedParcelStream
androidx.core.view.inputmethod.EditorInfoCompat
com.google.common.collect.Collections2$OrderedPermutationIterator
kotlin.text.Regex$fromInt$$inlined$apply$lambda$1
kotlin.jvm.internal.PropertyReference0Impl
com.google.common.util.concurrent.AggregateFutureState$AtomicHelper